<?xml version="1.0" encoding="UTF-8"?>
<!-- Generated by org.testng.reporters.JUnitReportReporter -->
<testsuite skipped="0" hostname="DESKTOP-PGAU3N8" name="Login_Reg.LoginTest" tests="1" failures="0" timestamp="02 Jul 2020 18:31:12 GMT" time="21.877" errors="0">
  <testcase name="login" time="21.877" classname="Login_Reg.LoginTest"/>
</testsuite> <!-- Login_Reg.LoginTest -->
