<?xml version="1.0" encoding="UTF-8"?>
<!-- Generated by org.testng.reporters.JUnitReportReporter -->
<testsuite skipped="0" hostname="DESKTOP-PGAU3N8" name="Login_Reg.RegistrationTest" tests="1" failures="0" timestamp="02 Jul 2020 18:31:12 GMT" time="18.834" errors="0">
  <testcase name="Register" time="18.834" classname="Login_Reg.RegistrationTest"/>
</testsuite> <!-- Login_Reg.RegistrationTest -->
